2019-12-15 12:58:42,275 [Worker-0: Loading available Gradle versions] INFO  o.e.b.c.i.u.g.PublishedGradleVersions - Gradle version information cache is up-to-date. Trying to read.
2019-12-15 18:41:11,096 [Worker-5: Building workspace] INFO  o.e.m.c.i.l.LifecycleMappingFactory - Using org.eclipse.m2e.jdt.JarLifecycleMapping lifecycle mapping for MavenProject: com.a3.learnings:chapter101:0.0.1-SNAPSHOT @ /Users/asinha/GIT/anubhawsinha13/Books/Get Comfortable With Java/chapter101 - 1 - Java Objects/pom.xml.
2019-12-15 18:41:11,716 [Worker-4: Updating Maven Dependencies] INFO  o.e.m.c.i.l.LifecycleMappingFactory - Using org.eclipse.m2e.jdt.JarLifecycleMapping lifecycle mapping for MavenProject: com.a3.learnings:chapter101:0.0.1-SNAPSHOT @ /Users/asinha/GIT/anubhawsinha13/Books/Get Comfortable With Java/chapter101 - 1 - Java Objects/pom.xml.
2019-12-15 18:41:11,836 [Worker-5: Building workspace] INFO  o.e.m.c.i.embedder.EclipseLogger - Using 'UTF-8' encoding to copy filtered resources.
2019-12-15 18:41:11,837 [Worker-5: Building workspace] INFO  o.e.m.c.i.embedder.EclipseLogger - skip non existing resourceDirectory /Users/asinha/GIT/anubhawsinha13/Books/Get Comfortable With Java/chapter101 - 1 - Java Objects/src/test/resources
2019-12-15 18:41:11,933 [Worker-4: Updating Maven Dependencies] INFO  o.e.m.c.i.l.LifecycleMappingFactory - Using org.eclipse.m2e.jdt.JarLifecycleMapping lifecycle mapping for MavenProject: com.a3.learnings:chapter101:0.0.1-SNAPSHOT @ /Users/asinha/GIT/anubhawsinha13/Books/Get Comfortable With Java/chapter101 - 1 - Java Objects/pom.xml.
2019-12-15 18:41:18,254 [Worker-5: Building workspace] INFO  o.e.m.c.i.l.LifecycleMappingFactory - Using org.eclipse.m2e.jdt.JarLifecycleMapping lifecycle mapping for MavenProject: com.a3.learnings:chapter101:0.0.1-SNAPSHOT @ /Users/asinha/GIT/anubhawsinha13/Books/Get Comfortable With Java/chapter101 - Java Objects/pom.xml.
2019-12-15 18:41:18,332 [Worker-5: Building workspace] INFO  o.e.m.c.i.embedder.EclipseLogger - Using 'UTF-8' encoding to copy filtered resources.
2019-12-15 18:41:18,333 [Worker-5: Building workspace] INFO  o.e.m.c.i.embedder.EclipseLogger - skip non existing resourceDirectory /Users/asinha/GIT/anubhawsinha13/Books/Get Comfortable With Java/chapter101 - Java Objects/src/main/resources
2019-12-15 18:41:18,335 [Worker-5: Building workspace] INFO  o.e.m.c.i.embedder.EclipseLogger - Using 'UTF-8' encoding to copy filtered resources.
2019-12-15 18:41:18,335 [Worker-5: Building workspace] INFO  o.e.m.c.i.embedder.EclipseLogger - skip non existing resourceDirectory /Users/asinha/GIT/anubhawsinha13/Books/Get Comfortable With Java/chapter101 - Java Objects/src/test/resources
2019-12-15 18:41:19,566 [Worker-19: Building workspace] INFO  o.e.m.c.i.embedder.EclipseLogger - Using 'UTF-8' encoding to copy filtered resources.
2019-12-15 18:41:19,567 [Worker-19: Building workspace] INFO  o.e.m.c.i.embedder.EclipseLogger - skip non existing resourceDirectory /Users/asinha/GIT/anubhawsinha13/Books/Get Comfortable With Java/chapter101 - Java Objects/src/main/resources
2019-12-15 18:41:19,569 [Worker-19: Building workspace] INFO  o.e.m.c.i.embedder.EclipseLogger - Using 'UTF-8' encoding to copy filtered resources.
2019-12-15 18:41:19,570 [Worker-19: Building workspace] INFO  o.e.m.c.i.embedder.EclipseLogger - skip non existing resourceDirectory /Users/asinha/GIT/anubhawsinha13/Books/Get Comfortable With Java/chapter101 - Java Objects/src/test/resources
2019-12-15 18:41:28,798 [Worker-6: Building workspace] INFO  o.e.m.c.i.l.LifecycleMappingFactory - Using org.eclipse.m2e.jdt.JarLifecycleMapping lifecycle mapping for MavenProject: com.a3.learnings:chapter101:0.0.1-SNAPSHOT @ /Users/asinha/GIT/anubhawsinha13/Books/Get Comfortable With Java/chapter101 - 2 - Spring Beans/pom.xml.
2019-12-15 18:41:28,943 [Worker-6: Building workspace] INFO  o.e.m.c.i.embedder.EclipseLogger - Using 'UTF-8' encoding to copy filtered resources.
2019-12-15 18:41:28,943 [Worker-6: Building workspace] INFO  o.e.m.c.i.embedder.EclipseLogger - skip non existing resourceDirectory /Users/asinha/GIT/anubhawsinha13/Books/Get Comfortable With Java/chapter101 - 2 - Spring Beans/src/main/resources
2019-12-15 18:41:28,946 [Worker-6: Building workspace] INFO  o.e.m.c.i.embedder.EclipseLogger - Using 'UTF-8' encoding to copy filtered resources.
2019-12-15 18:41:28,946 [Worker-6: Building workspace] INFO  o.e.m.c.i.embedder.EclipseLogger - skip non existing resourceDirectory /Users/asinha/GIT/anubhawsinha13/Books/Get Comfortable With Java/chapter101 - 2 - Spring Beans/src/test/resources
2019-12-15 18:41:29,267 [Worker-6: Updating Maven Dependencies] INFO  o.e.m.c.i.l.LifecycleMappingFactory - Using org.eclipse.m2e.jdt.JarLifecycleMapping lifecycle mapping for MavenProject: com.a3.learnings:chapter101:0.0.1-SNAPSHOT @ /Users/asinha/GIT/anubhawsinha13/Books/Get Comfortable With Java/chapter101 - 2 - Spring Beans/pom.xml.
2019-12-15 18:41:30,232 [Worker-4: Building workspace] INFO  o.e.m.c.i.embedder.EclipseLogger - Using 'UTF-8' encoding to copy filtered resources.
2019-12-15 18:41:30,232 [Worker-4: Building workspace] INFO  o.e.m.c.i.embedder.EclipseLogger - skip non existing resourceDirectory /Users/asinha/GIT/anubhawsinha13/Books/Get Comfortable With Java/chapter101 - 2 - Spring Beans/src/main/resources
2019-12-15 18:41:30,233 [Worker-4: Building workspace] INFO  o.e.m.c.i.embedder.EclipseLogger - Using 'UTF-8' encoding to copy filtered resources.
2019-12-15 18:41:30,234 [Worker-4: Building workspace] INFO  o.e.m.c.i.embedder.EclipseLogger - skip non existing resourceDirectory /Users/asinha/GIT/anubhawsinha13/Books/Get Comfortable With Java/chapter101 - 2 - Spring Beans/src/test/resources
2019-12-15 18:41:39,924 [Worker-4: Building workspace] INFO  o.e.m.c.i.l.LifecycleMappingFactory - Using org.eclipse.m2e.jdt.JarLifecycleMapping lifecycle mapping for MavenProject: com.a3.learnings:chapter101:0.0.1-SNAPSHOT @ /Users/asinha/GIT/anubhawsinha13/Books/Get Comfortable With Java/chapter102 - Spring Beans/pom.xml.
2019-12-15 18:41:40,026 [Worker-4: Building workspace] INFO  o.e.m.c.i.embedder.EclipseLogger - Using 'UTF-8' encoding to copy filtered resources.
2019-12-15 18:41:40,027 [Worker-4: Building workspace] INFO  o.e.m.c.i.embedder.EclipseLogger - skip non existing resourceDirectory /Users/asinha/GIT/anubhawsinha13/Books/Get Comfortable With Java/chapter102 - Spring Beans/src/main/resources
2019-12-15 18:41:40,029 [Worker-4: Building workspace] INFO  o.e.m.c.i.embedder.EclipseLogger - Using 'UTF-8' encoding to copy filtered resources.
2019-12-15 18:41:40,029 [Worker-4: Building workspace] INFO  o.e.m.c.i.embedder.EclipseLogger - skip non existing resourceDirectory /Users/asinha/GIT/anubhawsinha13/Books/Get Comfortable With Java/chapter102 - Spring Beans/src/test/resources
2019-12-15 18:41:41,255 [Worker-0: Building workspace] INFO  o.e.m.c.i.embedder.EclipseLogger - Using 'UTF-8' encoding to copy filtered resources.
2019-12-15 18:41:41,255 [Worker-0: Building workspace] INFO  o.e.m.c.i.embedder.EclipseLogger - skip non existing resourceDirectory /Users/asinha/GIT/anubhawsinha13/Books/Get Comfortable With Java/chapter102 - Spring Beans/src/main/resources
2019-12-15 18:41:41,257 [Worker-0: Building workspace] INFO  o.e.m.c.i.embedder.EclipseLogger - Using 'UTF-8' encoding to copy filtered resources.
2019-12-15 18:41:41,257 [Worker-0: Building workspace] INFO  o.e.m.c.i.embedder.EclipseLogger - skip non existing resourceDirectory /Users/asinha/GIT/anubhawsinha13/Books/Get Comfortable With Java/chapter102 - Spring Beans/src/test/resources
2019-12-15 18:41:43,611 [Worker-19: Building workspace] INFO  o.e.m.c.i.l.LifecycleMappingFactory - Using org.eclipse.m2e.jdt.JarLifecycleMapping lifecycle mapping for MavenProject: com.a3.learnings:chapter101:0.0.1-SNAPSHOT @ /Users/asinha/GIT/anubhawsinha13/Books/Get Comfortable With Java/chapter102 - 1 - Java Constructor/pom.xml.
2019-12-15 18:41:43,752 [Worker-19: Building workspace] INFO  o.e.m.c.i.embedder.EclipseLogger - Using 'UTF-8' encoding to copy filtered resources.
2019-12-15 18:41:43,752 [Worker-19: Building workspace] INFO  o.e.m.c.i.embedder.EclipseLogger - skip non existing resourceDirectory /Users/asinha/GIT/anubhawsinha13/Books/Get Comfortable With Java/chapter102 - 1 - Java Constructor/src/main/resources
2019-12-15 18:41:43,755 [Worker-19: Building workspace] INFO  o.e.m.c.i.embedder.EclipseLogger - Using 'UTF-8' encoding to copy filtered resources.
2019-12-15 18:41:43,755 [Worker-19: Building workspace] INFO  o.e.m.c.i.embedder.EclipseLogger - skip non existing resourceDirectory /Users/asinha/GIT/anubhawsinha13/Books/Get Comfortable With Java/chapter102 - 1 - Java Constructor/src/test/resources
2019-12-15 18:41:44,022 [Worker-5: Updating Maven Dependencies] INFO  o.e.m.c.i.l.LifecycleMappingFactory - Using org.eclipse.m2e.jdt.JarLifecycleMapping lifecycle mapping for MavenProject: com.a3.learnings:chapter101:0.0.1-SNAPSHOT @ /Users/asinha/GIT/anubhawsinha13/Books/Get Comfortable With Java/chapter102 - 1 - Java Constructor/pom.xml.
2019-12-15 18:41:45,120 [Worker-5: Building workspace] INFO  o.e.m.c.i.embedder.EclipseLogger - Using 'UTF-8' encoding to copy filtered resources.
2019-12-15 18:41:45,120 [Worker-5: Building workspace] INFO  o.e.m.c.i.embedder.EclipseLogger - skip non existing resourceDirectory /Users/asinha/GIT/anubhawsinha13/Books/Get Comfortable With Java/chapter102 - 1 - Java Constructor/src/main/resources
2019-12-15 18:41:45,121 [Worker-5: Building workspace] INFO  o.e.m.c.i.embedder.EclipseLogger - Using 'UTF-8' encoding to copy filtered resources.
2019-12-15 18:41:45,121 [Worker-5: Building workspace] INFO  o.e.m.c.i.embedder.EclipseLogger - skip non existing resourceDirectory /Users/asinha/GIT/anubhawsinha13/Books/Get Comfortable With Java/chapter102 - 1 - Java Constructor/src/test/resources
2019-12-15 18:41:55,570 [Worker-19: Building workspace] INFO  o.e.m.c.i.l.LifecycleMappingFactory - Using org.eclipse.m2e.jdt.JarLifecycleMapping lifecycle mapping for MavenProject: com.a3.learnings:chapter101:0.0.1-SNAPSHOT @ /Users/asinha/GIT/anubhawsinha13/Books/Get Comfortable With Java/chapter103 - Java Constructor/pom.xml.
2019-12-15 18:41:55,725 [Worker-19: Building workspace] INFO  o.e.m.c.i.embedder.EclipseLogger - Using 'UTF-8' encoding to copy filtered resources.
2019-12-15 18:41:55,726 [Worker-19: Building workspace] INFO  o.e.m.c.i.embedder.EclipseLogger - skip non existing resourceDirectory /Users/asinha/GIT/anubhawsinha13/Books/Get Comfortable With Java/chapter103 - Java Constructor/src/main/resources
2019-12-15 18:41:55,727 [Worker-19: Building workspace] INFO  o.e.m.c.i.embedder.EclipseLogger - Using 'UTF-8' encoding to copy filtered resources.
2019-12-15 18:41:55,727 [Worker-19: Building workspace] INFO  o.e.m.c.i.embedder.EclipseLogger - skip non existing resourceDirectory /Users/asinha/GIT/anubhawsinha13/Books/Get Comfortable With Java/chapter103 - Java Constructor/src/test/resources
2019-12-15 18:41:56,845 [Worker-17: Building workspace] INFO  o.e.m.c.i.embedder.EclipseLogger - Using 'UTF-8' encoding to copy filtered resources.
2019-12-15 18:41:56,846 [Worker-17: Building workspace] INFO  o.e.m.c.i.embedder.EclipseLogger - skip non existing resourceDirectory /Users/asinha/GIT/anubhawsinha13/Books/Get Comfortable With Java/chapter103 - Java Constructor/src/main/resources
2019-12-15 18:41:56,847 [Worker-17: Building workspace] INFO  o.e.m.c.i.embedder.EclipseLogger - Using 'UTF-8' encoding to copy filtered resources.
2019-12-15 18:41:56,847 [Worker-17: Building workspace] INFO  o.e.m.c.i.embedder.EclipseLogger - skip non existing resourceDirectory /Users/asinha/GIT/anubhawsinha13/Books/Get Comfortable With Java/chapter103 - Java Constructor/src/test/resources
2019-12-15 18:42:06,035 [Worker-4: Building workspace] INFO  o.e.m.c.i.l.LifecycleMappingFactory - Using org.eclipse.m2e.jdt.JarLifecycleMapping lifecycle mapping for MavenProject: com.a3.learnings:chapter101:0.0.1-SNAPSHOT @ /Users/asinha/GIT/anubhawsinha13/Books/Get Comfortable With Java/chapter102 - Constructors/pom.xml.
2019-12-15 18:42:06,091 [Worker-4: Building workspace] INFO  o.e.m.c.i.embedder.EclipseLogger - Using 'UTF-8' encoding to copy filtered resources.
2019-12-15 18:42:06,092 [Worker-4: Building workspace] INFO  o.e.m.c.i.embedder.EclipseLogger - skip non existing resourceDirectory /Users/asinha/GIT/anubhawsinha13/Books/Get Comfortable With Java/chapter102 - Constructors/src/main/resources
2019-12-15 18:42:06,093 [Worker-4: Building workspace] INFO  o.e.m.c.i.embedder.EclipseLogger - Using 'UTF-8' encoding to copy filtered resources.
2019-12-15 18:42:06,093 [Worker-4: Building workspace] INFO  o.e.m.c.i.embedder.EclipseLogger - skip non existing resourceDirectory /Users/asinha/GIT/anubhawsinha13/Books/Get Comfortable With Java/chapter102 - Constructors/src/test/resources
2019-12-15 18:42:06,787 [Worker-5: Updating Maven Dependencies] INFO  o.e.m.c.i.l.LifecycleMappingFactory - Using org.eclipse.m2e.jdt.JarLifecycleMapping lifecycle mapping for MavenProject: com.a3.learnings:chapter101:0.0.1-SNAPSHOT @ /Users/asinha/GIT/anubhawsinha13/Books/Get Comfortable With Java/chapter102 - Constructors/pom.xml.
2019-12-15 18:42:07,294 [Worker-17: Building workspace] INFO  o.e.m.c.i.embedder.EclipseLogger - Using 'UTF-8' encoding to copy filtered resources.
2019-12-15 18:42:07,294 [Worker-17: Building workspace] INFO  o.e.m.c.i.embedder.EclipseLogger - skip non existing resourceDirectory /Users/asinha/GIT/anubhawsinha13/Books/Get Comfortable With Java/chapter102 - Constructors/src/main/resources
2019-12-15 18:42:07,295 [Worker-17: Building workspace] INFO  o.e.m.c.i.embedder.EclipseLogger - Using 'UTF-8' encoding to copy filtered resources.
2019-12-15 18:42:07,295 [Worker-17: Building workspace] INFO  o.e.m.c.i.embedder.EclipseLogger - skip non existing resourceDirectory /Users/asinha/GIT/anubhawsinha13/Books/Get Comfortable With Java/chapter102 - Constructors/src/test/resources
2019-12-15 18:42:12,761 [Worker-17: Building workspace] INFO  o.e.m.c.i.l.LifecycleMappingFactory - Using org.eclipse.m2e.jdt.JarLifecycleMapping lifecycle mapping for MavenProject: com.a3.learnings:chapter101:0.0.1-SNAPSHOT @ /Users/asinha/GIT/anubhawsinha13/Books/Get Comfortable With Java/chapter104 - Constructors/pom.xml.
2019-12-15 18:42:12,778 [Worker-17: Building workspace] INFO  o.e.m.c.i.embedder.EclipseLogger - Using 'UTF-8' encoding to copy filtered resources.
2019-12-15 18:42:12,778 [Worker-17: Building workspace] INFO  o.e.m.c.i.embedder.EclipseLogger - skip non existing resourceDirectory /Users/asinha/GIT/anubhawsinha13/Books/Get Comfortable With Java/chapter104 - Constructors/src/main/resources
2019-12-15 18:42:12,780 [Worker-17: Building workspace] INFO  o.e.m.c.i.embedder.EclipseLogger - Using 'UTF-8' encoding to copy filtered resources.
2019-12-15 18:42:12,780 [Worker-17: Building workspace] INFO  o.e.m.c.i.embedder.EclipseLogger - skip non existing resourceDirectory /Users/asinha/GIT/anubhawsinha13/Books/Get Comfortable With Java/chapter104 - Constructors/src/test/resources
2019-12-15 18:42:13,832 [Worker-5: Building workspace] INFO  o.e.m.c.i.embedder.EclipseLogger - Using 'UTF-8' encoding to copy filtered resources.
2019-12-15 18:42:13,832 [Worker-5: Building workspace] INFO  o.e.m.c.i.embedder.EclipseLogger - skip non existing resourceDirectory /Users/asinha/GIT/anubhawsinha13/Books/Get Comfortable With Java/chapter104 - Constructors/src/main/resources
2019-12-15 18:42:13,833 [Worker-5: Building workspace] INFO  o.e.m.c.i.embedder.EclipseLogger - Using 'UTF-8' encoding to copy filtered resources.
2019-12-15 18:42:13,833 [Worker-5: Building workspace] INFO  o.e.m.c.i.embedder.EclipseLogger - skip non existing resourceDirectory /Users/asinha/GIT/anubhawsinha13/Books/Get Comfortable With Java/chapter104 - Constructors/src/test/resources
2019-12-15 18:54:59,404 [Worker-6: Import Getting Started Content] INFO  o.e.m.c.i.l.LifecycleMappingFactory - Using org.eclipse.m2e.jdt.JarLifecycleMapping lifecycle mapping for MavenProject: com.a3.learnings:chapter110-Interfaces_Spring_Boot:0.0.1-SNAPSHOT @ /Users/asinha/GIT/anubhawsinha13/Books/Get Comfortable With Java/chapter110-Interfaces_Spring_Boot/pom.xml.
2019-12-15 18:54:59,848 [Worker-6: Import Getting Started Content] INFO  o.e.m.c.i.e.AbstractTransferListenerAdapter - Downloading https://repo.maven.apache.org/maven2/org/springframework/boot/spring-boot-devtools/2.2.2.RELEASE/spring-boot-devtools-2.2.2.RELEASE.pom
2019-12-15 18:54:59,876 [Worker-6: Import Getting Started Content] INFO  o.e.m.c.i.e.AbstractTransferListenerAdapter - Downloaded https://repo.maven.apache.org/maven2/org/springframework/boot/spring-boot-devtools/2.2.2.RELEASE/spring-boot-devtools-2.2.2.RELEASE.pom
2019-12-15 18:55:00,101 [Worker-6: Import Getting Started Content] INFO  o.e.m.c.i.e.AbstractTransferListenerAdapter - Downloading https://repo.maven.apache.org/maven2/org/springframework/boot/spring-boot-devtools/2.2.2.RELEASE/spring-boot-devtools-2.2.2.RELEASE.jar
2019-12-15 18:55:00,191 [Worker-6: Import Getting Started Content] INFO  o.e.m.c.i.e.AbstractTransferListenerAdapter - Downloaded https://repo.maven.apache.org/maven2/org/springframework/boot/spring-boot-devtools/2.2.2.RELEASE/spring-boot-devtools-2.2.2.RELEASE.jar
2019-12-15 18:55:00,526 [Worker-6: Import Getting Started Content] INFO  o.e.m.j.i.AbstractJavaProjectConfigurator - Adding source folder /chapter110-Interfaces_Spring_Boot/src/main/java
2019-12-15 18:55:00,527 [Worker-6: Import Getting Started Content] INFO  o.e.m.j.i.AbstractJavaProjectConfigurator - Adding resource folder /chapter110-Interfaces_Spring_Boot/src/main/resources
2019-12-15 18:55:00,531 [Worker-6: Import Getting Started Content] INFO  o.e.m.j.i.AbstractJavaProjectConfigurator - Adding resource folder /chapter110-Interfaces_Spring_Boot/src/main/resources
2019-12-15 18:55:00,535 [Worker-6: Import Getting Started Content] INFO  o.e.m.j.i.AbstractJavaProjectConfigurator - Adding source folder /chapter110-Interfaces_Spring_Boot/src/test/java
2019-12-15 18:55:00,736 [Worker-6: Import Getting Started Content] INFO  o.e.m.c.i.p.ProjectConfigurationManager - Imported and configured 1 project(s) in 2 sec
2019-12-15 18:55:00,738 [Worker-6: Import Getting Started Content] INFO  o.e.m.c.i.p.ProjectConfigurationManager - Update started
2019-12-15 18:55:01,248 [Worker-6: Import Getting Started Content] INFO  o.e.m.c.i.l.LifecycleMappingFactory - Using org.eclipse.m2e.jdt.JarLifecycleMapping lifecycle mapping for MavenProject: com.a3.learnings:chapter110-Interfaces_Spring_Boot:0.0.1-SNAPSHOT @ /Users/asinha/GIT/anubhawsinha13/Books/Get Comfortable With Java/chapter110-Interfaces_Spring_Boot/pom.xml.
2019-12-15 18:55:01,745 [Worker-6: Import Getting Started Content] INFO  o.e.m.j.i.AbstractJavaProjectConfigurator - Adding source folder /chapter110-Interfaces_Spring_Boot/src/main/java
2019-12-15 18:55:01,746 [Worker-6: Import Getting Started Content] INFO  o.e.m.j.i.AbstractJavaProjectConfigurator - Adding resource folder /chapter110-Interfaces_Spring_Boot/src/main/resources
2019-12-15 18:55:01,749 [Worker-6: Import Getting Started Content] INFO  o.e.m.j.i.AbstractJavaProjectConfigurator - Adding resource folder /chapter110-Interfaces_Spring_Boot/src/main/resources
2019-12-15 18:55:01,763 [Worker-6: Import Getting Started Content] INFO  o.e.m.j.i.AbstractJavaProjectConfigurator - Adding source folder /chapter110-Interfaces_Spring_Boot/src/test/java
2019-12-15 18:55:01,796 [Worker-14: Download sources and javadoc] INFO  o.e.m.c.i.e.AbstractTransferListenerAdapter - Downloading https://repo.maven.apache.org/maven2/org/springframework/boot/spring-boot-devtools/2.2.2.RELEASE/spring-boot-devtools-2.2.2.RELEASE-sources.jar
2019-12-15 18:55:01,893 [Worker-14: Download sources and javadoc] INFO  o.e.m.c.i.e.AbstractTransferListenerAdapter - Downloaded https://repo.maven.apache.org/maven2/org/springframework/boot/spring-boot-devtools/2.2.2.RELEASE/spring-boot-devtools-2.2.2.RELEASE-sources.jar
2019-12-15 18:55:01,907 [Worker-14: Download sources and javadoc] INFO  o.e.m.j.internal.DownloadSourcesJob - Downloaded sources for org.springframework.boot:spring-boot-devtools:2.2.2.RELEASE
2019-12-15 18:55:02,029 [Worker-6: Import Getting Started Content] INFO  o.e.m.c.i.p.ProjectConfigurationManager - Update completed: 1 sec
2019-12-15 18:55:02,129 [Worker-14: Download sources and javadoc] INFO  o.e.m.j.internal.DownloadSourcesJob - Downloaded sources for org.springframework.boot:spring-boot-devtools:2.2.2.RELEASE
2019-12-15 18:55:03,409 [Worker-17: Building workspace] INFO  o.e.m.c.i.embedder.EclipseLogger - Using 'UTF-8' encoding to copy filtered resources.
2019-12-15 18:55:03,417 [Worker-17: Building workspace] INFO  o.e.m.c.i.embedder.EclipseLogger - Copying 1 resource
2019-12-15 18:55:03,436 [Worker-17: Building workspace] INFO  o.e.m.c.i.embedder.EclipseLogger - Copying 0 resource
2019-12-15 18:55:03,441 [Worker-17: Building workspace] INFO  o.e.m.c.i.embedder.EclipseLogger - Using 'UTF-8' encoding to copy filtered resources.
2019-12-15 18:55:03,441 [Worker-17: Building workspace] INFO  o.e.m.c.i.embedder.EclipseLogger - skip non existing resourceDirectory /Users/asinha/GIT/anubhawsinha13/Books/Get Comfortable With Java/chapter110-Interfaces_Spring_Boot/src/test/resources
2019-12-15 18:55:03,531 [Worker-5: Download sources and javadoc] INFO  o.e.m.j.internal.DownloadSourcesJob - Downloaded sources for org.springframework.boot:spring-boot-devtools:2.2.2.RELEASE
2019-12-15 18:55:03,533 [Worker-5: Download sources and javadoc] INFO  o.e.m.j.internal.DownloadSourcesJob - Downloaded sources for org.springframework.boot:spring-boot-devtools:2.2.2.RELEASE
2019-12-15 18:55:04,600 [Worker-17: Building workspace] INFO  o.e.m.c.i.embedder.EclipseLogger - Using 'UTF-8' encoding to copy filtered resources.
2019-12-15 18:55:04,606 [Worker-17: Building workspace] INFO  o.e.m.c.i.embedder.EclipseLogger - Copying 0 resource
2019-12-15 18:55:04,606 [Worker-17: Building workspace] INFO  o.e.m.c.i.embedder.EclipseLogger - Copying 0 resource
2019-12-15 18:55:04,608 [Worker-17: Building workspace] INFO  o.e.m.c.i.embedder.EclipseLogger - Using 'UTF-8' encoding to copy filtered resources.
2019-12-15 18:55:04,608 [Worker-17: Building workspace] INFO  o.e.m.c.i.embedder.EclipseLogger - skip non existing resourceDirectory /Users/asinha/GIT/anubhawsinha13/Books/Get Comfortable With Java/chapter110-Interfaces_Spring_Boot/src/test/resources
2019-12-15 18:55:30,648 [Worker-18: Building workspace] INFO  o.e.m.c.i.embedder.EclipseLogger - Using 'UTF-8' encoding to copy filtered resources.
2019-12-15 18:55:30,648 [Worker-18: Building workspace] INFO  o.e.m.c.i.embedder.EclipseLogger - Copying 0 resource
2019-12-15 18:55:30,648 [Worker-18: Building workspace] INFO  o.e.m.c.i.embedder.EclipseLogger - Copying 0 resource
2019-12-15 18:55:30,664 [Worker-18: Building workspace] INFO  o.e.m.c.i.embedder.EclipseLogger - Using 'UTF-8' encoding to copy filtered resources.
2019-12-15 18:55:30,664 [Worker-18: Building workspace] INFO  o.e.m.c.i.embedder.EclipseLogger - skip non existing resourceDirectory /Users/asinha/GIT/anubhawsinha13/Books/Get Comfortable With Java/chapter110-Interfaces_Spring_Boot/src/test/resources
2019-12-15 20:53:01,635 [Worker-19: Building workspace] INFO  o.e.m.c.i.embedder.EclipseLogger - Using 'UTF-8' encoding to copy filtered resources.
2019-12-15 20:53:01,638 [Worker-19: Building workspace] INFO  o.e.m.c.i.embedder.EclipseLogger - Copying 1 resource
2019-12-15 20:53:01,640 [Worker-19: Building workspace] INFO  o.e.m.c.i.embedder.EclipseLogger - Copying 0 resource
2019-12-15 20:53:01,642 [Worker-19: Building workspace] INFO  o.e.m.c.i.embedder.EclipseLogger - Using 'UTF-8' encoding to copy filtered resources.
2019-12-15 20:53:01,642 [Worker-19: Building workspace] INFO  o.e.m.c.i.embedder.EclipseLogger - skip non existing resourceDirectory /Users/asinha/GIT/anubhawsinha13/Books/Get Comfortable With Java/chapter110-Interfaces_Spring_Boot/src/test/resources
2019-12-15 20:53:15,358 [Worker-17: Building workspace] INFO  o.e.m.c.i.embedder.EclipseLogger - Using 'UTF-8' encoding to copy filtered resources.
2019-12-15 20:53:15,358 [Worker-17: Building workspace] INFO  o.e.m.c.i.embedder.EclipseLogger - Copying 1 resource
2019-12-15 20:53:15,360 [Worker-17: Building workspace] INFO  o.e.m.c.i.embedder.EclipseLogger - Copying 0 resource
2019-12-15 20:53:15,361 [Worker-17: Building workspace] INFO  o.e.m.c.i.embedder.EclipseLogger - Using 'UTF-8' encoding to copy filtered resources.
2019-12-15 20:53:15,361 [Worker-17: Building workspace] INFO  o.e.m.c.i.embedder.EclipseLogger - skip non existing resourceDirectory /Users/asinha/GIT/anubhawsinha13/Books/Get Comfortable With Java/chapter110-Interfaces_Spring_Boot/src/test/resources
2019-12-15 20:55:01,922 [Worker-6: Building workspace] INFO  o.e.m.c.i.embedder.EclipseLogger - Using 'UTF-8' encoding to copy filtered resources.
2019-12-15 20:55:01,923 [Worker-6: Building workspace] INFO  o.e.m.c.i.embedder.EclipseLogger - Copying 1 resource
2019-12-15 20:55:01,925 [Worker-6: Building workspace] INFO  o.e.m.c.i.embedder.EclipseLogger - Copying 0 resource
2019-12-15 20:55:01,927 [Worker-6: Building workspace] INFO  o.e.m.c.i.embedder.EclipseLogger - Using 'UTF-8' encoding to copy filtered resources.
2019-12-15 20:55:01,928 [Worker-6: Building workspace] INFO  o.e.m.c.i.embedder.EclipseLogger - skip non existing resourceDirectory /Users/asinha/GIT/anubhawsinha13/Books/Get Comfortable With Java/chapter110-Interfaces_Spring_Boot/src/test/resources
2019-12-15 20:55:35,750 [Worker-4: Building workspace] INFO  o.e.m.c.i.embedder.EclipseLogger - Using 'UTF-8' encoding to copy filtered resources.
2019-12-15 20:55:35,750 [Worker-4: Building workspace] INFO  o.e.m.c.i.embedder.EclipseLogger - Copying 1 resource
2019-12-15 20:55:35,751 [Worker-4: Building workspace] INFO  o.e.m.c.i.embedder.EclipseLogger - Copying 0 resource
2019-12-15 20:55:35,753 [Worker-4: Building workspace] INFO  o.e.m.c.i.embedder.EclipseLogger - Using 'UTF-8' encoding to copy filtered resources.
2019-12-15 20:55:35,753 [Worker-4: Building workspace] INFO  o.e.m.c.i.embedder.EclipseLogger - skip non existing resourceDirectory /Users/asinha/GIT/anubhawsinha13/Books/Get Comfortable With Java/chapter110-Interfaces_Spring_Boot/src/test/resources
2019-12-15 20:56:01,524 [Worker-17: Building workspace] INFO  o.e.m.c.i.embedder.EclipseLogger - Using 'UTF-8' encoding to copy filtered resources.
2019-12-15 20:56:01,524 [Worker-17: Building workspace] INFO  o.e.m.c.i.embedder.EclipseLogger - Copying 1 resource
2019-12-15 20:56:01,527 [Worker-17: Building workspace] INFO  o.e.m.c.i.embedder.EclipseLogger - Copying 0 resource
2019-12-15 20:56:01,531 [Worker-17: Building workspace] INFO  o.e.m.c.i.embedder.EclipseLogger - Using 'UTF-8' encoding to copy filtered resources.
2019-12-15 20:56:01,531 [Worker-17: Building workspace] INFO  o.e.m.c.i.embedder.EclipseLogger - skip non existing resourceDirectory /Users/asinha/GIT/anubhawsinha13/Books/Get Comfortable With Java/chapter110-Interfaces_Spring_Boot/src/test/resources
2019-12-15 20:56:22,619 [Worker-14: Building workspace] INFO  o.e.m.c.i.embedder.EclipseLogger - Using 'UTF-8' encoding to copy filtered resources.
2019-12-15 20:56:22,620 [Worker-14: Building workspace] INFO  o.e.m.c.i.embedder.EclipseLogger - Copying 1 resource
2019-12-15 20:56:22,621 [Worker-14: Building workspace] INFO  o.e.m.c.i.embedder.EclipseLogger - Copying 0 resource
2019-12-15 20:56:22,623 [Worker-14: Building workspace] INFO  o.e.m.c.i.embedder.EclipseLogger - Using 'UTF-8' encoding to copy filtered resources.
2019-12-15 20:56:22,623 [Worker-14: Building workspace] INFO  o.e.m.c.i.embedder.EclipseLogger - skip non existing resourceDirectory /Users/asinha/GIT/anubhawsinha13/Books/Get Comfortable With Java/chapter110-Interfaces_Spring_Boot/src/test/resources
2019-12-15 20:57:37,821 [Worker-18: Building workspace] INFO  o.e.m.c.i.embedder.EclipseLogger - Using 'UTF-8' encoding to copy filtered resources.
2019-12-15 20:57:37,822 [Worker-18: Building workspace] INFO  o.e.m.c.i.embedder.EclipseLogger - Copying 1 resource
2019-12-15 20:57:37,824 [Worker-18: Building workspace] INFO  o.e.m.c.i.embedder.EclipseLogger - Copying 0 resource
2019-12-15 20:57:37,843 [Worker-18: Building workspace] INFO  o.e.m.c.i.embedder.EclipseLogger - Using 'UTF-8' encoding to copy filtered resources.
2019-12-15 20:57:37,843 [Worker-18: Building workspace] INFO  o.e.m.c.i.embedder.EclipseLogger - skip non existing resourceDirectory /Users/asinha/GIT/anubhawsinha13/Books/Get Comfortable With Java/chapter110-Interfaces_Spring_Boot/src/test/resources
2019-12-15 20:57:56,580 [Worker-0: Building workspace] INFO  o.e.m.c.i.embedder.EclipseLogger - Using 'UTF-8' encoding to copy filtered resources.
2019-12-15 20:57:56,581 [Worker-0: Building workspace] INFO  o.e.m.c.i.embedder.EclipseLogger - Copying 1 resource
2019-12-15 20:57:56,582 [Worker-0: Building workspace] INFO  o.e.m.c.i.embedder.EclipseLogger - Copying 0 resource
2019-12-15 20:57:56,587 [Worker-0: Building workspace] INFO  o.e.m.c.i.embedder.EclipseLogger - Using 'UTF-8' encoding to copy filtered resources.
2019-12-15 20:57:56,587 [Worker-0: Building workspace] INFO  o.e.m.c.i.embedder.EclipseLogger - skip non existing resourceDirectory /Users/asinha/GIT/anubhawsinha13/Books/Get Comfortable With Java/chapter110-Interfaces_Spring_Boot/src/test/resources
2019-12-15 21:00:19,934 [Worker-19: Building workspace] INFO  o.e.m.c.i.embedder.EclipseLogger - Using 'UTF-8' encoding to copy filtered resources.
2019-12-15 21:00:19,934 [Worker-19: Building workspace] INFO  o.e.m.c.i.embedder.EclipseLogger - Copying 1 resource
2019-12-15 21:00:19,938 [Worker-19: Building workspace] INFO  o.e.m.c.i.embedder.EclipseLogger - Copying 0 resource
2019-12-15 21:00:19,940 [Worker-19: Building workspace] INFO  o.e.m.c.i.embedder.EclipseLogger - Using 'UTF-8' encoding to copy filtered resources.
2019-12-15 21:00:19,940 [Worker-19: Building workspace] INFO  o.e.m.c.i.embedder.EclipseLogger - skip non existing resourceDirectory /Users/asinha/GIT/anubhawsinha13/Books/Get Comfortable With Java/chapter110-Interfaces_Spring_Boot/src/test/resources
2019-12-15 21:00:30,589 [Worker-18: Building workspace] INFO  o.e.m.c.i.embedder.EclipseLogger - Using 'UTF-8' encoding to copy filtered resources.
2019-12-15 21:00:30,590 [Worker-18: Building workspace] INFO  o.e.m.c.i.embedder.EclipseLogger - Copying 1 resource
2019-12-15 21:00:30,591 [Worker-18: Building workspace] INFO  o.e.m.c.i.embedder.EclipseLogger - Copying 0 resource
2019-12-15 21:00:30,593 [Worker-18: Building workspace] INFO  o.e.m.c.i.embedder.EclipseLogger - Using 'UTF-8' encoding to copy filtered resources.
2019-12-15 21:00:30,594 [Worker-18: Building workspace] INFO  o.e.m.c.i.embedder.EclipseLogger - skip non existing resourceDirectory /Users/asinha/GIT/anubhawsinha13/Books/Get Comfortable With Java/chapter110-Interfaces_Spring_Boot/src/test/resources
2019-12-15 21:00:35,826 [Worker-18: Building workspace] INFO  o.e.m.c.i.embedder.EclipseLogger - Using 'UTF-8' encoding to copy filtered resources.
2019-12-15 21:00:35,827 [Worker-18: Building workspace] INFO  o.e.m.c.i.embedder.EclipseLogger - Copying 1 resource
2019-12-15 21:00:35,828 [Worker-18: Building workspace] INFO  o.e.m.c.i.embedder.EclipseLogger - Copying 0 resource
2019-12-15 21:00:35,830 [Worker-18: Building workspace] INFO  o.e.m.c.i.embedder.EclipseLogger - Using 'UTF-8' encoding to copy filtered resources.
2019-12-15 21:00:35,830 [Worker-18: Building workspace] INFO  o.e.m.c.i.embedder.EclipseLogger - skip non existing resourceDirectory /Users/asinha/GIT/anubhawsinha13/Books/Get Comfortable With Java/chapter110-Interfaces_Spring_Boot/src/test/resources
2019-12-15 21:07:49,077 [Worker-0: Building workspace] INFO  o.e.m.c.i.embedder.EclipseLogger - Using 'UTF-8' encoding to copy filtered resources.
2019-12-15 21:07:49,078 [Worker-0: Building workspace] INFO  o.e.m.c.i.embedder.EclipseLogger - Copying 0 resource
2019-12-15 21:07:49,078 [Worker-0: Building workspace] INFO  o.e.m.c.i.embedder.EclipseLogger - Copying 0 resource
2019-12-15 21:07:49,079 [Worker-0: Building workspace] INFO  o.e.m.c.i.embedder.EclipseLogger - Using 'UTF-8' encoding to copy filtered resources.
2019-12-15 21:07:49,079 [Worker-0: Building workspace] INFO  o.e.m.c.i.embedder.EclipseLogger - skip non existing resourceDirectory /Users/asinha/GIT/anubhawsinha13/Books/Get Comfortable With Java/chapter110-Interfaces_Spring_Boot/src/test/resources
2019-12-15 21:08:44,532 [Worker-6: Building workspace] INFO  o.e.m.c.i.embedder.EclipseLogger - Using 'UTF-8' encoding to copy filtered resources.
2019-12-15 21:08:44,532 [Worker-6: Building workspace] INFO  o.e.m.c.i.embedder.EclipseLogger - Copying 0 resource
2019-12-15 21:08:44,532 [Worker-6: Building workspace] INFO  o.e.m.c.i.embedder.EclipseLogger - Copying 0 resource
2019-12-15 21:08:44,536 [Worker-6: Building workspace] INFO  o.e.m.c.i.embedder.EclipseLogger - Using 'UTF-8' encoding to copy filtered resources.
2019-12-15 21:08:44,536 [Worker-6: Building workspace] INFO  o.e.m.c.i.embedder.EclipseLogger - skip non existing resourceDirectory /Users/asinha/GIT/anubhawsinha13/Books/Get Comfortable With Java/chapter110-Interfaces_Spring_Boot/src/test/resources
2019-12-15 21:08:56,570 [Worker-14: Building workspace] INFO  o.e.m.c.i.embedder.EclipseLogger - Using 'UTF-8' encoding to copy filtered resources.
2019-12-15 21:08:56,570 [Worker-14: Building workspace] INFO  o.e.m.c.i.embedder.EclipseLogger - Copying 0 resource
2019-12-15 21:08:56,571 [Worker-14: Building workspace] INFO  o.e.m.c.i.embedder.EclipseLogger - Copying 0 resource
2019-12-15 21:08:56,573 [Worker-14: Building workspace] INFO  o.e.m.c.i.embedder.EclipseLogger - Using 'UTF-8' encoding to copy filtered resources.
2019-12-15 21:08:56,573 [Worker-14: Building workspace] INFO  o.e.m.c.i.embedder.EclipseLogger - skip non existing resourceDirectory /Users/asinha/GIT/anubhawsinha13/Books/Get Comfortable With Java/chapter110-Interfaces_Spring_Boot/src/test/resources
2019-12-15 21:10:27,229 [Worker-17: Building workspace] INFO  o.e.m.c.i.embedder.EclipseLogger - Using 'UTF-8' encoding to copy filtered resources.
2019-12-15 21:10:27,230 [Worker-17: Building workspace] INFO  o.e.m.c.i.embedder.EclipseLogger - Copying 0 resource
2019-12-15 21:10:27,231 [Worker-17: Building workspace] INFO  o.e.m.c.i.embedder.EclipseLogger - Copying 0 resource
2019-12-15 21:10:27,236 [Worker-17: Building workspace] INFO  o.e.m.c.i.embedder.EclipseLogger - Using 'UTF-8' encoding to copy filtered resources.
2019-12-15 21:10:27,236 [Worker-17: Building workspace] INFO  o.e.m.c.i.embedder.EclipseLogger - skip non existing resourceDirectory /Users/asinha/GIT/anubhawsinha13/Books/Get Comfortable With Java/chapter110-Interfaces_Spring_Boot/src/test/resources
2019-12-15 21:12:18,634 [Worker-4: Building workspace] INFO  o.e.m.c.i.embedder.EclipseLogger - Using 'UTF-8' encoding to copy filtered resources.
2019-12-15 21:12:18,636 [Worker-4: Building workspace] INFO  o.e.m.c.i.embedder.EclipseLogger - Copying 0 resource
2019-12-15 21:12:18,636 [Worker-4: Building workspace] INFO  o.e.m.c.i.embedder.EclipseLogger - Copying 0 resource
2019-12-15 21:12:18,639 [Worker-4: Building workspace] INFO  o.e.m.c.i.embedder.EclipseLogger - Using 'UTF-8' encoding to copy filtered resources.
2019-12-15 21:12:18,640 [Worker-4: Building workspace] INFO  o.e.m.c.i.embedder.EclipseLogger - skip non existing resourceDirectory /Users/asinha/GIT/anubhawsinha13/Books/Get Comfortable With Java/chapter110-Interfaces_Spring_Boot/src/test/resources
2019-12-15 21:13:16,718 [Worker-4: Building workspace] INFO  o.e.m.c.i.embedder.EclipseLogger - Using 'UTF-8' encoding to copy filtered resources.
2019-12-15 21:13:16,720 [Worker-4: Building workspace] INFO  o.e.m.c.i.embedder.EclipseLogger - Copying 0 resource
2019-12-15 21:13:16,720 [Worker-4: Building workspace] INFO  o.e.m.c.i.embedder.EclipseLogger - Copying 0 resource
2019-12-15 21:13:16,722 [Worker-4: Building workspace] INFO  o.e.m.c.i.embedder.EclipseLogger - Using 'UTF-8' encoding to copy filtered resources.
2019-12-15 21:13:16,722 [Worker-4: Building workspace] INFO  o.e.m.c.i.embedder.EclipseLogger - skip non existing resourceDirectory /Users/asinha/GIT/anubhawsinha13/Books/Get Comfortable With Java/chapter110-Interfaces_Spring_Boot/src/test/resources
2019-12-15 21:17:25,095 [Worker-14: Building workspace] INFO  o.e.m.c.i.embedder.EclipseLogger - Using 'UTF-8' encoding to copy filtered resources.
2019-12-15 21:17:25,098 [Worker-14: Building workspace] INFO  o.e.m.c.i.embedder.EclipseLogger - Copying 1 resource
2019-12-15 21:17:25,100 [Worker-14: Building workspace] INFO  o.e.m.c.i.embedder.EclipseLogger - Copying 0 resource
2019-12-15 21:17:25,102 [Worker-14: Building workspace] INFO  o.e.m.c.i.embedder.EclipseLogger - Using 'UTF-8' encoding to copy filtered resources.
2019-12-15 21:17:25,102 [Worker-14: Building workspace] INFO  o.e.m.c.i.embedder.EclipseLogger - skip non existing resourceDirectory /Users/asinha/GIT/anubhawsinha13/Books/Get Comfortable With Java/chapter110-Interfaces_Spring_Boot/src/test/resources
2019-12-15 21:39:48,482 [Worker-21: Building workspace] INFO  o.e.m.c.i.embedder.EclipseLogger - Using 'UTF-8' encoding to copy filtered resources.
2019-12-15 21:39:48,483 [Worker-21: Building workspace] INFO  o.e.m.c.i.embedder.EclipseLogger - Copying 1 resource
2019-12-15 21:39:48,492 [Worker-21: Building workspace] INFO  o.e.m.c.i.embedder.EclipseLogger - Copying 0 resource
2019-12-15 21:39:48,505 [Worker-21: Building workspace] INFO  o.e.m.c.i.embedder.EclipseLogger - Using 'UTF-8' encoding to copy filtered resources.
2019-12-15 21:39:48,506 [Worker-21: Building workspace] INFO  o.e.m.c.i.embedder.EclipseLogger - skip non existing resourceDirectory /Users/asinha/GIT/anubhawsinha13/Books/Get Comfortable With Java/chapter110-Interfaces_Spring_Boot/src/test/resources
2019-12-15 21:39:55,638 [Worker-20: Building workspace] INFO  o.e.m.c.i.embedder.EclipseLogger - Using 'UTF-8' encoding to copy filtered resources.
2019-12-15 21:39:55,639 [Worker-20: Building workspace] INFO  o.e.m.c.i.embedder.EclipseLogger - Copying 1 resource
2019-12-15 21:39:55,641 [Worker-20: Building workspace] INFO  o.e.m.c.i.embedder.EclipseLogger - Copying 0 resource
2019-12-15 21:39:55,653 [Worker-20: Building workspace] INFO  o.e.m.c.i.embedder.EclipseLogger - Using 'UTF-8' encoding to copy filtered resources.
2019-12-15 21:39:55,653 [Worker-20: Building workspace] INFO  o.e.m.c.i.embedder.EclipseLogger - skip non existing resourceDirectory /Users/asinha/GIT/anubhawsinha13/Books/Get Comfortable With Java/chapter110-Interfaces_Spring_Boot/src/test/resources
2019-12-15 21:40:02,063 [Worker-6: Building workspace] INFO  o.e.m.c.i.embedder.EclipseLogger - Using 'UTF-8' encoding to copy filtered resources.
2019-12-15 21:40:02,064 [Worker-6: Building workspace] INFO  o.e.m.c.i.embedder.EclipseLogger - Copying 1 resource
2019-12-15 21:40:02,065 [Worker-6: Building workspace] INFO  o.e.m.c.i.embedder.EclipseLogger - Copying 0 resource
2019-12-15 21:40:02,069 [Worker-6: Building workspace] INFO  o.e.m.c.i.embedder.EclipseLogger - Using 'UTF-8' encoding to copy filtered resources.
2019-12-15 21:40:02,069 [Worker-6: Building workspace] INFO  o.e.m.c.i.embedder.EclipseLogger - skip non existing resourceDirectory /Users/asinha/GIT/anubhawsinha13/Books/Get Comfortable With Java/chapter110-Interfaces_Spring_Boot/src/test/resources
2019-12-15 21:40:39,167 [Worker-20: Building workspace] INFO  o.e.m.c.i.embedder.EclipseLogger - Using 'UTF-8' encoding to copy filtered resources.
2019-12-15 21:40:39,167 [Worker-20: Building workspace] INFO  o.e.m.c.i.embedder.EclipseLogger - Copying 1 resource
2019-12-15 21:40:39,168 [Worker-20: Building workspace] INFO  o.e.m.c.i.embedder.EclipseLogger - Copying 0 resource
2019-12-15 21:40:39,170 [Worker-20: Building workspace] INFO  o.e.m.c.i.embedder.EclipseLogger - Using 'UTF-8' encoding to copy filtered resources.
2019-12-15 21:40:39,170 [Worker-20: Building workspace] INFO  o.e.m.c.i.embedder.EclipseLogger - skip non existing resourceDirectory /Users/asinha/GIT/anubhawsinha13/Books/Get Comfortable With Java/chapter110-Interfaces_Spring_Boot/src/test/resources
2019-12-15 21:47:02,896 [Worker-23: Building workspace] INFO  o.e.m.c.i.embedder.EclipseLogger - Using 'UTF-8' encoding to copy filtered resources.
2019-12-15 21:47:02,897 [Worker-23: Building workspace] INFO  o.e.m.c.i.embedder.EclipseLogger - Copying 1 resource
2019-12-15 21:47:02,899 [Worker-23: Building workspace] INFO  o.e.m.c.i.embedder.EclipseLogger - Copying 0 resource
2019-12-15 21:47:02,901 [Worker-23: Building workspace] INFO  o.e.m.c.i.embedder.EclipseLogger - Using 'UTF-8' encoding to copy filtered resources.
2019-12-15 21:47:02,901 [Worker-23: Building workspace] INFO  o.e.m.c.i.embedder.EclipseLogger - skip non existing resourceDirectory /Users/asinha/GIT/anubhawsinha13/Books/Get Comfortable With Java/chapter110-Interfaces_Spring_Boot/src/test/resources
2019-12-15 21:48:05,559 [Worker-6: Building workspace] INFO  o.e.m.c.i.embedder.EclipseLogger - Using 'UTF-8' encoding to copy filtered resources.
2019-12-15 21:48:05,559 [Worker-6: Building workspace] INFO  o.e.m.c.i.embedder.EclipseLogger - Copying 1 resource
2019-12-15 21:48:05,561 [Worker-6: Building workspace] INFO  o.e.m.c.i.embedder.EclipseLogger - Copying 0 resource
2019-12-15 21:48:05,562 [Worker-6: Building workspace] INFO  o.e.m.c.i.embedder.EclipseLogger - Using 'UTF-8' encoding to copy filtered resources.
2019-12-15 21:48:05,562 [Worker-6: Building workspace] INFO  o.e.m.c.i.embedder.EclipseLogger - skip non existing resourceDirectory /Users/asinha/GIT/anubhawsinha13/Books/Get Comfortable With Java/chapter110-Interfaces_Spring_Boot/src/test/resources
2019-12-15 21:48:12,558 [Worker-20: Launching Executing install in _Users_asinha_GIT_anubhawsinha13_Books_Get Comfortable With Java_chapter110-Interfaces_Spring_Boot] INFO  o.e.m.i.launch.MavenLaunchDelegate - /Users/asinha/GIT/anubhawsinha13/Books/Get Comfortable With Java/chapter110-Interfaces_Spring_Boot
2019-12-15 21:48:12,560 [Worker-20: Launching Executing install in _Users_asinha_GIT_anubhawsinha13_Books_Get Comfortable With Java_chapter110-Interfaces_Spring_Boot] INFO  o.e.m.i.launch.MavenLaunchDelegate -  mvn -Ppom.xml -B install
2019-12-15 21:48:25,168 [Worker-20: Building workspace] INFO  o.e.m.c.i.embedder.EclipseLogger - Using 'UTF-8' encoding to copy filtered resources.
2019-12-15 21:48:25,170 [Worker-20: Building workspace] INFO  o.e.m.c.i.embedder.EclipseLogger - Copying 1 resource
2019-12-15 21:48:25,171 [Worker-20: Building workspace] INFO  o.e.m.c.i.embedder.EclipseLogger - Copying 0 resource
2019-12-15 21:48:25,174 [Worker-20: Building workspace] INFO  o.e.m.c.i.embedder.EclipseLogger - Using 'UTF-8' encoding to copy filtered resources.
2019-12-15 21:48:25,174 [Worker-20: Building workspace] INFO  o.e.m.c.i.embedder.EclipseLogger - skip non existing resourceDirectory /Users/asinha/GIT/anubhawsinha13/Books/Get Comfortable With Java/chapter110-Interfaces_Spring_Boot/src/test/resources
2019-12-15 21:48:45,138 [Worker-23: Building workspace] INFO  o.e.m.c.i.embedder.EclipseLogger - Using 'UTF-8' encoding to copy filtered resources.
2019-12-15 21:48:45,138 [Worker-23: Building workspace] INFO  o.e.m.c.i.embedder.EclipseLogger - Copying 1 resource
2019-12-15 21:48:45,139 [Worker-23: Building workspace] INFO  o.e.m.c.i.embedder.EclipseLogger - Copying 0 resource
2019-12-15 21:48:45,149 [Worker-23: Building workspace] INFO  o.e.m.c.i.embedder.EclipseLogger - Using 'UTF-8' encoding to copy filtered resources.
2019-12-15 21:48:45,149 [Worker-23: Building workspace] INFO  o.e.m.c.i.embedder.EclipseLogger - skip non existing resourceDirectory /Users/asinha/GIT/anubhawsinha13/Books/Get Comfortable With Java/chapter110-Interfaces_Spring_Boot/src/test/resources
2019-12-15 21:50:45,456 [Worker-14: Building workspace] INFO  o.e.m.c.i.embedder.EclipseLogger - Using 'UTF-8' encoding to copy filtered resources.
2019-12-15 21:50:45,456 [Worker-14: Building workspace] INFO  o.e.m.c.i.embedder.EclipseLogger - Copying 1 resource
2019-12-15 21:50:45,457 [Worker-14: Building workspace] INFO  o.e.m.c.i.embedder.EclipseLogger - Copying 0 resource
2019-12-15 21:50:45,459 [Worker-14: Building workspace] INFO  o.e.m.c.i.embedder.EclipseLogger - Using 'UTF-8' encoding to copy filtered resources.
2019-12-15 21:50:45,459 [Worker-14: Building workspace] INFO  o.e.m.c.i.embedder.EclipseLogger - skip non existing resourceDirectory /Users/asinha/GIT/anubhawsinha13/Books/Get Comfortable With Java/chapter110-Interfaces_Spring_Boot/src/test/resources
2019-12-15 21:51:24,194 [Worker-23: Building workspace] INFO  o.e.m.c.i.embedder.EclipseLogger - Using 'UTF-8' encoding to copy filtered resources.
2019-12-15 21:51:24,194 [Worker-23: Building workspace] INFO  o.e.m.c.i.embedder.EclipseLogger - Copying 1 resource
2019-12-15 21:51:24,197 [Worker-23: Building workspace] INFO  o.e.m.c.i.embedder.EclipseLogger - Copying 0 resource
2019-12-15 21:51:24,200 [Worker-23: Building workspace] INFO  o.e.m.c.i.embedder.EclipseLogger - Using 'UTF-8' encoding to copy filtered resources.
2019-12-15 21:51:24,200 [Worker-23: Building workspace] INFO  o.e.m.c.i.embedder.EclipseLogger - skip non existing resourceDirectory /Users/asinha/GIT/anubhawsinha13/Books/Get Comfortable With Java/chapter110-Interfaces_Spring_Boot/src/test/resources
2019-12-15 21:52:03,937 [Worker-23: Building workspace] INFO  o.e.m.c.i.embedder.EclipseLogger - Using 'UTF-8' encoding to copy filtered resources.
2019-12-15 21:52:03,939 [Worker-23: Building workspace] INFO  o.e.m.c.i.embedder.EclipseLogger - Copying 1 resource
2019-12-15 21:52:03,950 [Worker-23: Building workspace] INFO  o.e.m.c.i.embedder.EclipseLogger - Copying 0 resource
2019-12-15 21:52:03,952 [Worker-23: Building workspace] INFO  o.e.m.c.i.embedder.EclipseLogger - Using 'UTF-8' encoding to copy filtered resources.
2019-12-15 21:52:03,952 [Worker-23: Building workspace] INFO  o.e.m.c.i.embedder.EclipseLogger - skip non existing resourceDirectory /Users/asinha/GIT/anubhawsinha13/Books/Get Comfortable With Java/chapter110-Interfaces_Spring_Boot/src/test/resources
2019-12-15 21:53:17,979 [Worker-20: Building workspace] INFO  o.e.m.c.i.embedder.EclipseLogger - Using 'UTF-8' encoding to copy filtered resources.
2019-12-15 21:53:17,980 [Worker-20: Building workspace] INFO  o.e.m.c.i.embedder.EclipseLogger - Copying 1 resource
2019-12-15 21:53:17,983 [Worker-20: Building workspace] INFO  o.e.m.c.i.embedder.EclipseLogger - Copying 0 resource
2019-12-15 21:53:17,984 [Worker-20: Building workspace] INFO  o.e.m.c.i.embedder.EclipseLogger - Using 'UTF-8' encoding to copy filtered resources.
2019-12-15 21:53:17,984 [Worker-20: Building workspace] INFO  o.e.m.c.i.embedder.EclipseLogger - skip non existing resourceDirectory /Users/asinha/GIT/anubhawsinha13/Books/Get Comfortable With Java/chapter110-Interfaces_Spring_Boot/src/test/resources
2019-12-17 18:40:34,494 [Worker-4: Loading available Gradle versions] INFO  o.e.b.c.i.u.g.PublishedGradleVersions - Gradle version information cache is out-of-date. Trying to update.
2019-12-22 12:15:45,358 [Worker-3: Loading available Gradle versions] INFO  o.e.b.c.i.u.g.PublishedGradleVersions - Gradle version information cache is out-of-date. Trying to update.
2019-12-22 12:16:03,706 [Worker-5: Building workspace] INFO  o.e.m.c.i.embedder.EclipseLogger - Using 'UTF-8' encoding to copy filtered resources.
2019-12-22 12:16:03,710 [Worker-5: Building workspace] INFO  o.e.m.c.i.embedder.EclipseLogger - skip non existing resourceDirectory /Users/asinha/GIT/anubhawsinha13/Books/learnings/learnings/Get Comfortable With Java/chapter101 - Java Objects/src/main/resources
2019-12-22 12:16:03,717 [Worker-5: Building workspace] INFO  o.e.m.c.i.embedder.EclipseLogger - Using 'UTF-8' encoding to copy filtered resources.
2019-12-22 12:16:03,718 [Worker-5: Building workspace] INFO  o.e.m.c.i.embedder.EclipseLogger - skip non existing resourceDirectory /Users/asinha/GIT/anubhawsinha13/Books/learnings/learnings/Get Comfortable With Java/chapter101 - Java Objects/src/test/resources
2019-12-22 12:16:15,971 [Worker-14: Auto share git projects] WARN  org.eclipse.jgit.util.FS - Exception caught during execution of command '[git, --version]' in '/usr/bin', return code '1', error message 'xcrun: error: invalid active developer path (/Library/Developer/CommandLineTools), missing xcrun at: /Library/Developer/CommandLineTools/usr/bin/xcrun
'
2019-12-22 12:16:18,184 [Worker-4: Building workspace] INFO  o.e.m.c.i.embedder.EclipseLogger - Using 'UTF-8' encoding to copy filtered resources.
2019-12-22 12:16:18,184 [Worker-4: Building workspace] INFO  o.e.m.c.i.embedder.EclipseLogger - skip non existing resourceDirectory /Users/asinha/GIT/anubhawsinha13/Books/learnings/learnings/Get Comfortable With Java/chapter102 - Spring Beans/src/main/resources
2019-12-22 12:16:18,188 [Worker-4: Building workspace] INFO  o.e.m.c.i.embedder.EclipseLogger - Using 'UTF-8' encoding to copy filtered resources.
2019-12-22 12:16:18,188 [Worker-4: Building workspace] INFO  o.e.m.c.i.embedder.EclipseLogger - skip non existing resourceDirectory /Users/asinha/GIT/anubhawsinha13/Books/learnings/learnings/Get Comfortable With Java/chapter102 - Spring Beans/src/test/resources
2019-12-22 12:16:18,826 [Worker-4: Building workspace] INFO  o.e.m.c.i.embedder.EclipseLogger - Using 'UTF-8' encoding to copy filtered resources.
2019-12-22 12:16:18,826 [Worker-4: Building workspace] INFO  o.e.m.c.i.embedder.EclipseLogger - skip non existing resourceDirectory /Users/asinha/GIT/anubhawsinha13/Books/learnings/learnings/Get Comfortable With Java/chapter103 - Java Constructor/src/main/resources
2019-12-22 12:16:18,828 [Worker-4: Building workspace] INFO  o.e.m.c.i.embedder.EclipseLogger - Using 'UTF-8' encoding to copy filtered resources.
2019-12-22 12:16:18,828 [Worker-4: Building workspace] INFO  o.e.m.c.i.embedder.EclipseLogger - skip non existing resourceDirectory /Users/asinha/GIT/anubhawsinha13/Books/learnings/learnings/Get Comfortable With Java/chapter103 - Java Constructor/src/test/resources
2019-12-22 12:16:19,020 [Worker-4: Building workspace] INFO  o.e.m.c.i.embedder.EclipseLogger - Using 'UTF-8' encoding to copy filtered resources.
2019-12-22 12:16:19,020 [Worker-4: Building workspace] INFO  o.e.m.c.i.embedder.EclipseLogger - skip non existing resourceDirectory /Users/asinha/GIT/anubhawsinha13/Books/learnings/learnings/Get Comfortable With Java/chapter104 - Constructors/src/main/resources
2019-12-22 12:16:19,024 [Worker-4: Building workspace] INFO  o.e.m.c.i.embedder.EclipseLogger - Using 'UTF-8' encoding to copy filtered resources.
2019-12-22 12:16:19,024 [Worker-4: Building workspace] INFO  o.e.m.c.i.embedder.EclipseLogger - skip non existing resourceDirectory /Users/asinha/GIT/anubhawsinha13/Books/learnings/learnings/Get Comfortable With Java/chapter104 - Constructors/src/test/resources
2019-12-22 12:16:24,069 [Worker-4: Building workspace] INFO  o.e.m.c.i.embedder.EclipseLogger - Using 'UTF-8' encoding to copy filtered resources.
2019-12-22 12:16:24,128 [Worker-4: Building workspace] INFO  o.e.m.c.i.embedder.EclipseLogger - Copying 1 resource
2019-12-22 12:16:24,169 [Worker-4: Building workspace] INFO  o.e.m.c.i.embedder.EclipseLogger - Copying 0 resource
2019-12-22 12:16:24,259 [Worker-4: Building workspace] INFO  o.e.m.c.i.embedder.EclipseLogger - Using 'UTF-8' encoding to copy filtered resources.
2019-12-22 12:16:24,260 [Worker-4: Building workspace] INFO  o.e.m.c.i.embedder.EclipseLogger - skip non existing resourceDirectory /Users/asinha/GIT/anubhawsinha13/Books/learnings/learnings/Get Comfortable With Java/chapter110-Interfaces_Spring_Boot/src/test/resources
2019-12-23 00:55:28,727 [Worker-0: Loading available Gradle versions] INFO  o.e.b.c.i.u.g.PublishedGradleVersions - Gradle version information cache is up-to-date. Trying to read.
2019-12-23 00:55:31,542 [Worker-3: Decoration Calculation] WARN  org.eclipse.jgit.util.FS - Exception caught during execution of command '[git, --version]' in '/usr/bin', return code '1', error message 'xcrun: error: invalid active developer path (/Library/Developer/CommandLineTools), missing xcrun at: /Library/Developer/CommandLineTools/usr/bin/xcrun
'
2019-12-30 19:43:41,195 [Worker-4: Loading available Gradle versions] INFO  o.e.b.c.i.u.g.PublishedGradleVersions - Gradle version information cache is up-to-date. Trying to read.
2019-12-30 19:43:42,605 [Worker-0: Decoration Calculation] WARN  org.eclipse.jgit.util.FS - Exception caught during execution of command '[git, --version]' in '/usr/bin', return code '1', error message 'xcrun: error: invalid active developer path (/Library/Developer/CommandLineTools), missing xcrun at: /Library/Developer/CommandLineTools/usr/bin/xcrun
'
